mktexpk --mfmode / --bdpi 600 --mag 0+480/600 --dpi 480 cyberb7c
mktextfm YouYuan/OT
mktextfm YouYuan/OT
mktextfm YouYuan/OT
mktextfm YouYuan/OT
mktextfm YouYuan/OT
mktextfm YouYuan/OT
mktextfm YouYuan/OT
mktextfm YouYuan/OT
mktextfm YouYuan/OT
mktextfm YouYuan/OT
mktextfm SimSun/OT
mktextfm SimSun/OT
mktextfm SimSun/OT
mktextfm SimSun/BI/OT
mktextfm SimSun/OT
mktextfm SimSun/B/OT
mktextfm SimSun/OT
mktextfm SimSun/I/OT
mktextfm SimSun/OT
mktextfm SimSun/OT
mktextfm SimSun/OT
mktextfm kaiti
mktextfm kaiti
mktextfm kaiti
mktextfm kaiti/BI
mktextfm kaiti
mktextfm kaiti/B
mktextfm kaiti
mktextfm kaiti/I
mktextfm kaiti
mktextfm kaiti
mktextfm kaiti
mktextfm KaiTi/OT
mktextfm KaiTi/OT
mktextfm KaiTi/OT
mktextfm KaiTi/BI/OT
mktextfm KaiTi/OT
mktextfm KaiTi/B/OT
mktextfm KaiTi/OT
mktextfm KaiTi/I/OT
mktextfm KaiTi/OT
mktextfm KaiTi/OT
mktextfm KaiTi/OT
mktextfm SimSun/OT
mktextfm SimSun/OT
mktextfm SimSun/OT
mktextfm SimSun/BI/OT
mktextfm SimSun/OT
mktextfm SimSun/B/OT
mktextfm SimSun/OT
mktextfm SimSun/I/OT
mktextfm SimSun/OT
mktextfm SimSun/OT
mktextfm SimSun/OT
